<?xml version="1.0" encoding="UTF-8"?>
<testng-results ignored="0" total="1" passed="1" failed="0" skipped="0">
  <reporter-output>
  </reporter-output>
  <suite started-at="2022-05-24T05:56:34 IST" name="Default suite" finished-at="2022-05-24T05:56:59 IST" duration-ms="24519">
    <groups>
    </groups>
    <test started-at="2022-05-24T05:56:34 IST" name="Default test" finished-at="2022-05-24T05:56:59 IST" duration-ms="24519">
      <class name="Scripts.Testcases2">
        <test-method is-config="true" signature="openApp()[pri:0, instance:Scripts.Testcases2@793be5ca]" started-at="2022-05-24T05:56:34 IST" name="openApp" finished-at="2022-05-24T05:56:46 IST" duration-ms="11432" status="PASS">
          <reporter-output>
          </reporter-output>
        </test-method> <!-- openApp -->
        <test-method signature="TC2()[pri:0, instance:Scripts.Testcases2@793be5ca]" started-at="2022-05-24T05:56:46 IST" name="TC2" finished-at="2022-05-24T05:56:58 IST" duration-ms="12603" status="PASS">
          <reporter-output>
          </reporter-output>
        </test-method> <!-- TC2 -->
        <test-method is-config="true" signature="closeApp(org.testng.ITestResult)[pri:0, instance:Scripts.Testcases2@793be5ca]" started-at="2022-05-24T05:56:58 IST" name="closeApp" finished-at="2022-05-24T05:56:59 IST" duration-ms="425" status="PASS">
          <params>
            <param index="0">
              <value>
                <![CDATA[[TestResult name=TC2 status=SUCCESS method=Testcases2.TC2()[pri:0, instance:Scripts.Testcases2@793be5ca] output={null}]]]>
              </value>
            </param>
          </params>
          <reporter-output>
          </reporter-output>
        </test-method> <!-- closeApp -->
      </class> <!-- Scripts.Testcases2 -->
    </test> <!-- Default test -->
  </suite> <!-- Default suite -->
</testng-results>
